<?xml version="1.0" encoding="UTF-8"?>
<!-- Generated by org.testng.reporters.JUnitXMLReporter -->
<testsuite hostname="RND-BASE-A" ignored="0" name="Nexus Api Test Automation Regression Suit" tests="122" failures="5" timestamp="2022-09-23T06:31:57 PDT" time="176.692" errors="0">
  <testcase name="getdeposit_v_3" time="27.916" classname="Private.DepositsControllerV3"/>
  <testcase name="getdepositpaymentPlan_v_3" time="0.943" classname="Private.DepositsControllerV3"/>
  <testcase name="lookupDepositId_v_3" time="1.214" classname="Private.DepositsControllerV3"/>
  <testcase name="getTransactions_v_2" time="1.986" classname="Private.transactionsController"/>
  <testcase name="TC003_getCashin" time="1.549" classname="Public.CashieringGet"/>
  <testcase name="TC003_1_getCashin" time="0.9" classname="Public.CashieringGet"/>
  <testcase name="TC004_balances" time="3.908" classname="Public.CashieringGet"/>
  <testcase name="TC003_getnextReceipt" time="0.773" classname="Public.CashieringGet"/>
  <testcase name="TC004_getReceipt" time="1.288" classname="Public.CashieringGet"/>
  <testcase name="TC005_getRegisterInfo" time="1.45" classname="Public.CashieringGet"/>
  <testcase name="TC006_gettransactions" time="1.078" classname="Public.CashieringGet"/>
  <testcase name="TC007_getAutoApply" time="2.01" classname="Public.CashieringGet"/>
  <testcase name="TC003_getCashin" time="1.093" classname="Public.CashieringGetV3"/>
  <testcase name="TC004_balances" time="1.186" classname="Public.CashieringGetV3"/>
  <testcase name="TC003_getnextReceipt" time="2.643" classname="Public.CashieringGetV3"/>
  <testcase name="TC004_getReceipt" time="1.803" classname="Public.CashieringGetV3"/>
  <testcase name="TC005_getRegisterInfo" time="1.115" classname="Public.CashieringGetV3"/>
  <testcase name="TC006_gettransactions" time="0.914" classname="Public.CashieringGetV3"/>
  <testcase name="TC007_getAutoApply" time="1.21" classname="Public.CashieringGetV3"/>
  <testcase name="TC001_saveReciept" time="9.269" classname="Public.CashieringPost"/>
  <testcase name="TC002_RecieptAdjustment" time="0.722" classname="Public.CashieringPost"/>
  <testcase name="TC001_saveReciept" time="7.653" classname="Public.CashieringPostV3"/>
  <testcase name="TC002_RecieptAdjustment" time="1.012" classname="Public.CashieringPostV3"/>
  <testcase name="getconsumptionHistoryController" time="1.874" classname="Public.consumptionHistoryController"/>
  <testcase name="getconsumptionHistoryController" time="0.834" classname="Public.consumptionHistoryControllerV3"/>
  <testcase name="cancelSPA_v_2" time="0.972" classname="Public.createandcancelSpa"/>
  <testcase name="createSPA_v_2" time="0.889" classname="Public.createandcancelSpa"/>
  <testcase name="putspaCalculate_v_2" time="0.803" classname="Public.createandcancelSpa"/>
  <testcase name="recancelSPA_v_2" time="2.748" classname="Public.createandcancelSpa"/>
  <testcase name="cancelSPA_v_2" time="0.94" classname="Public.createandcancelSpaV3"/>
  <testcase name="createSPA_v_2" time="0.72" classname="Public.createandcancelSpaV3"/>
  <testcase name="putspaCalculate_v_2" time="0.963" classname="Public.createandcancelSpaV3"/>
  <testcase name="recancelSPA_v_2" time="1.937" classname="Public.createandcancelSpaV3"/>
  <testcase name="getCustomerDetail_v_2" time="0.824" classname="Public.customerControllerV3"/>
  <testcase name="getCustomerbylocation_v_2" time="0.788" classname="Public.customerControllerV3"/>
  <testcase name="getCustomerBillingOptions_v2" time="0.672" classname="Public.customerControllerV3"/>
  <testcase name="getCollectionsoptions_v2" time="0.666" classname="Public.customerControllerV3"/>
  <testcase name="getOtheroptions_v2" time="0.914" classname="Public.customerControllerV3"/>
  <testcase name="getinfolabels_v2" time="0.715" classname="Public.customerControllerV3"/>
  <testcase name="getlocationsByCustomerv_2_4" time="1.324" classname="Public.customerControllerV3"/>
  <testcase name="getLocationsByCustomer_v3" time="1.184" classname="Public.customerControllerV3"/>
  <testcase name="getnextCustomerId_v2" time="1.035" classname="Public.customerControllerV3"/>
  <testcase name="getCustomerDetail_v3" time="0.959" classname="Public.customerControllerV3"/>
  <testcase name="getpreauthorizepaymentplan_v2" time="0.695" classname="Public.customerControllerV3"/>
  <testcase name="putcustomersaddressv2" time="1.201" classname="Public.customerControllerV3"/>
  <testcase name="putcustomerbillingoptionv2" time="0.815" classname="Public.customerControllerV3"/>
  <testcase name="putcustomerscollectionsOptionsv2" time="1.124" classname="Public.customerControllerV3"/>
  <testcase name="putcustomersotherOptionsv2" time="1.046" classname="Public.customerControllerV3"/>
  <testcase name="putcustomersrolldownAddressCodev2" time="1.159" classname="Public.customerControllerV3"/>
  <testcase name="getCustomerDetail_v_2" time="1.03" classname="Public.customerController_v2"/>
  <testcase name="getCustomerbylocation_v_2" time="0.749" classname="Public.customerController_v2"/>
  <testcase name="getCustomerBillingOptions_v2" time="0.928" classname="Public.customerController_v2"/>
  <testcase name="getCollectionsoptions_v2" time="0.764" classname="Public.customerController_v2"/>
  <testcase name="getOtheroptions_v2" time="0.828" classname="Public.customerController_v2"/>
  <testcase name="getinfolabels_v2" time="0.739" classname="Public.customerController_v2"/>
  <testcase name="getLocationsByCustomer_v2" time="0.935" classname="Public.customerController_v2"/>
  <testcase name="getnextCustomerId_v2" time="0.846" classname="Public.customerController_v2"/>
  <testcase name="getCustomerDetail_v2" time="1.143" classname="Public.customerController_v2"/>
  <testcase name="getpreauthorizepaymentplan_v2" time="0.724" classname="Public.customerController_v2"/>
  <testcase name="putcustomersaddressv2" time="1.089" classname="Public.customerController_v2"/>
  <testcase name="putcustomerbillingoptionv2" time="0.815" classname="Public.customerController_v2"/>
  <testcase name="putcustomerscollectionsOptionsv2" time="0.967" classname="Public.customerController_v2"/>
  <testcase name="putcustomersotherOptionsv2" time="0.752" classname="Public.customerController_v2"/>
  <testcase name="putcustomersrolldownAddressCodev2" time="0.775" classname="Public.customerController_v2"/>
  <testcase name="getlocationsByCustomerv_2_4" time="1.137" classname="Public.customerController_v2_4"/>
  <testcase name="getAccountBalancesV2" time="0.946" classname="Public.GetAccountBalances"/>
  <testcase name="getAccountBalancesV24" time="0.67" classname="Public.GetAccountBalances"/>
  <testcase name="getAccountBalancesPortalv2_4" time="1.246" classname="Public.GetAccountBalances"/>
  <testcase name="getAccountBalancesV3" time="0.91" classname="Public.GetAccountBalancesV3"/>
  <testcase name="getAccountBalancesPortalv3" time="0.684" classname="Public.GetAccountBalancesV3"/>
  <testcase name="postPaymentv2" time="0.636" classname="Public.PaymentExtension">
    <failure type="java.lang.AssertionError" message="null">
      <![CDATA[java.lang.AssertionError: null
at Public.PaymentExtension.postPaymentv2(PaymentExtension.java:26)
at java.util.ArrayList.forEach(ArrayList.java:1257)
... Removed 29 stack frames]]>
    </failure>
  </testcase> <!-- postPaymentv2 -->
  <testcase name="paymentExtensionv2" time="0.704" classname="Public.PaymentExtension"/>
  <testcase name="postPaymentv3" time="0.608" classname="Public.PaymentExtensionV3">
    <failure type="java.lang.AssertionError" message="null">
      <![CDATA[java.lang.AssertionError: null
at Public.PaymentExtensionV3.postPaymentv3(PaymentExtensionV3.java:27)
at java.util.ArrayList.forEach(ArrayList.java:1257)
... Removed 29 stack frames]]>
    </failure>
  </testcase> <!-- postPaymentv3 -->
  <testcase name="paymentExtensionv3" time="0.727" classname="Public.PaymentExtensionV3"/>
  <testcase name="elascticsearchcreateindex_v_2" time="0.593" classname="Public.searchController"/>
  <testcase name="getAccountsAdvanced_v_2" time="1.532" classname="Public.searchController"/>
  <testcase name="getAccounts_v_2" time="1.558" classname="Public.searchController"/>
  <testcase name="getCustomer_v2" time="1.132" classname="Public.searchController"/>
  <testcase name="getindex_v2" time="1.23" classname="Public.searchController"/>
  <testcase name="elascticsearchcreateindex_v_3" time="0.918" classname="Public.searchControllerV3"/>
  <testcase name="getAccounts_v_3" time="1.761" classname="Public.searchControllerV3"/>
  <testcase name="getAccountsAdvanced_v_3" time="1.463" classname="Public.searchControllerV3"/>
  <testcase name="getCustomer_v3" time="0.693" classname="Public.searchControllerV3"/>
  <testcase name="getindex_v3" time="0.691" classname="Public.searchControllerV3"/>
  <testcase name="getServicesByLocation_v_2" time="0.662" classname="Public.ServiceLocationv2"/>
  <testcase name="getServicesByLocation_v_3" time="0.733" classname="Public.ServiceLocationV3"/>
  <testcase name="postcreateServiceOrder_v2" time="1.512" classname="Public.ServiceOrderController"/>
  <testcase name="getServiceOrder_v2" time="0.829" classname="Public.ServiceOrderController"/>
  <testcase name="getServiceOrderRequestDetails_v2" time="0.598" classname="Public.ServiceOrderController"/>
  <testcase name="getServiceOrderRequestDetailsbyOptional_v2" time="0.606" classname="Public.ServiceOrderController"/>
  <testcase name="putaddMeterReading_v_2" time="1.051" classname="Public.ServiceOrderController">
    <failure type="java.lang.AssertionError" message="1 expectation failed.
Expected status code &amp;lt;200&amp;gt; but was &amp;lt;500&amp;gt;.
">
      <![CDATA[java.lang.AssertionError: 1 expectation failed.
Expected status code <200> but was <500>.

at org.codehaus.groovy.runtime.callsite.ConstructorSite$ConstructorSiteNoUnwrap.callConstructor(ConstructorSite.java:84)
at org.codehaus.groovy.runtime.callsite.CallSiteArray.defaultCallConstructor(CallSiteArray.java:59)
at org.codehaus.groovy.runtime.callsite.AbstractCallSite.callConstructor(AbstractCallSite.java:237)
at org.codehaus.groovy.runtime.callsite.AbstractCallSite.callConstructor(AbstractCallSite.java:249)
at io.restassured.internal.ResponseSpecificationImpl$HamcrestAssertionClosure.validate(ResponseSpecificationImpl.groovy:493)
at io.restassured.internal.ResponseSpecificationImpl$HamcrestAssertionClosure$validate$1.call(Unknown Source)
at io.restassured.internal.ResponseSpecificationImpl.validateResponseIfRequired(ResponseSpecificationImpl.groovy:674)
at org.codehaus.groovy.runtime.callsite.PlainObjectMetaMethodSite.doInvoke(PlainObjectMetaMethodSite.java:43)
at org.codehaus.groovy.runtime.callsite.PogoMetaMethodSite$PogoCachedMethodSiteNoUnwrapNoCoerce.invoke(PogoMetaMethodSite.java:190)
at org.codehaus.groovy.runtime.callsite.PogoMetaMethodSite.callCurrent(PogoMetaMethodSite.java:58)
at org.codehaus.groovy.runtime.callsite.AbstractCallSite.callCurrent(AbstractCallSite.java:168)
at io.restassured.internal.ResponseSpecificationImpl.statusCode(ResponseSpecificationImpl.groovy:126)
at io.restassured.specification.ResponseSpecification$statusCode$0.callCurrent(Unknown Source)
at io.restassured.internal.ResponseSpecificationImpl.statusCode(ResponseSpecificationImpl.groovy:134)
at io.restassured.internal.ValidatableResponseOptionsImpl.statusCode(ValidatableResponseOptionsImpl.java:89)
at io.restassured.internal.ValidatableResponseImpl.super$2$statusCode(ValidatableResponseImpl.groovy)
at groovy.lang.MetaMethod.doMethodInvoke(MetaMethod.java:323)
at groovy.lang.MetaClassImpl.invokeMethod(MetaClassImpl.java:1217)
at org.codehaus.groovy.runtime.ScriptBytecodeAdapter.invokeMethodOnSuperN(ScriptBytecodeAdapter.java:144)
at io.restassured.internal.ValidatableResponseImpl.statusCode(ValidatableResponseImpl.groovy:142)
at io.restassured.internal.ValidatableResponseImpl.statusCode(ValidatableResponseImpl.groovy)
at com.NexustAPIAutomation.java.CommonMethods.putMethod(CommonMethods.java:511)
at Public.ServiceOrderController.putaddMeterReading_v_2(ServiceOrderController.java:139)
at java.util.ArrayList.forEach(ArrayList.java:1257)
... Removed 41 stack frames]]>
    </failure>
  </testcase> <!-- putaddMeterReading_v_2 -->
  <testcase name="putupdatecomment_v_2" time="0.761" classname="Public.ServiceOrderController"/>
  <testcase name="putaddMiscCharge_v_2" time="0.849" classname="Public.ServiceOrderController"/>
  <testcase name="putTaskComplete_v_2" time="0.593" classname="Public.ServiceOrderController"/>
  <testcase name="putswitchMeter_v_2" time="0.991" classname="Public.ServiceOrderController"/>
  <testcase name="putTaskCompleteNocharge_v2_3" time="0.747" classname="Public.ServiceOrderController"/>
  <testcase name="postcreateServiceOrder_v2_3_1" time="7.677" classname="Public.ServiceOrderController"/>
  <testcase name="postcreateServiceOrder_v3" time="1.691" classname="Public.ServiceOrderControllerV3"/>
  <testcase name="getServiceOrder_v3" time="1.005" classname="Public.ServiceOrderControllerV3"/>
  <testcase name="getServiceOrderRequestDetails_v3" time="0.794" classname="Public.ServiceOrderControllerV3"/>
  <testcase name="getServiceOrderRequestDetailsbyOptional_v3" time="0.882" classname="Public.ServiceOrderControllerV3"/>
  <testcase name="putaddMeterReading_v_3" time="0.985" classname="Public.ServiceOrderControllerV3">
    <failure type="java.lang.AssertionError" message="1 expectation failed.
Expected status code &amp;lt;200&amp;gt; but was &amp;lt;500&amp;gt;.
">
      <![CDATA[java.lang.AssertionError: 1 expectation failed.
Expected status code <200> but was <500>.

at org.codehaus.groovy.runtime.callsite.ConstructorSite$ConstructorSiteNoUnwrap.callConstructor(ConstructorSite.java:84)
at org.codehaus.groovy.runtime.callsite.AbstractCallSite.callConstructor(AbstractCallSite.java:249)
at io.restassured.internal.ResponseSpecificationImpl$HamcrestAssertionClosure.validate(ResponseSpecificationImpl.groovy:493)
at io.restassured.internal.ResponseSpecificationImpl$HamcrestAssertionClosure$validate$1.call(Unknown Source)
at io.restassured.internal.ResponseSpecificationImpl.validateResponseIfRequired(ResponseSpecificationImpl.groovy:674)
at org.codehaus.groovy.runtime.callsite.PlainObjectMetaMethodSite.doInvoke(PlainObjectMetaMethodSite.java:43)
at org.codehaus.groovy.runtime.callsite.PogoMetaMethodSite$PogoCachedMethodSiteNoUnwrapNoCoerce.invoke(PogoMetaMethodSite.java:190)
at org.codehaus.groovy.runtime.callsite.PogoMetaMethodSite.callCurrent(PogoMetaMethodSite.java:58)
at org.codehaus.groovy.runtime.callsite.AbstractCallSite.callCurrent(AbstractCallSite.java:168)
at io.restassured.internal.ResponseSpecificationImpl.statusCode(ResponseSpecificationImpl.groovy:126)
at io.restassured.specification.ResponseSpecification$statusCode$0.callCurrent(Unknown Source)
at io.restassured.internal.ResponseSpecificationImpl.statusCode(ResponseSpecificationImpl.groovy:134)
at io.restassured.internal.ValidatableResponseOptionsImpl.statusCode(ValidatableResponseOptionsImpl.java:89)
at io.restassured.internal.ValidatableResponseImpl.super$2$statusCode(ValidatableResponseImpl.groovy)
at groovy.lang.MetaMethod.doMethodInvoke(MetaMethod.java:323)
at groovy.lang.MetaClassImpl.invokeMethod(MetaClassImpl.java:1217)
at org.codehaus.groovy.runtime.ScriptBytecodeAdapter.invokeMethodOnSuperN(ScriptBytecodeAdapter.java:144)
at io.restassured.internal.ValidatableResponseImpl.statusCode(ValidatableResponseImpl.groovy:142)
at io.restassured.internal.ValidatableResponseImpl.statusCode(ValidatableResponseImpl.groovy)
at com.NexustAPIAutomation.java.CommonMethods.putMethod(CommonMethods.java:511)
at Public.ServiceOrderControllerV3.putaddMeterReading_v_3(ServiceOrderControllerV3.java:145)
at java.util.ArrayList.forEach(ArrayList.java:1257)
... Removed 40 stack frames]]>
    </failure>
  </testcase> <!-- putaddMeterReading_v_3 -->
  <testcase name="putupdatecomment_v_3" time="1.337" classname="Public.ServiceOrderControllerV3"/>
  <testcase name="putaddMiscCharge_v_3" time="1.961" classname="Public.ServiceOrderControllerV3"/>
  <testcase name="putTaskComplete_v_3" time="0.95" classname="Public.ServiceOrderControllerV3">
    <failure type="java.lang.AssertionError" message="1 expectation failed.
Response body doesn&amp;apos;t match expectation.
Expected: a string containing &amp;quot;Task updated&amp;quot;
  Actual: {&amp;quot;result&amp;quot;:{&amp;quot;result&amp;quot;:{&amp;quot;id&amp;quot;:null,&amp;quot;Success&amp;quot;:false,&amp;quot;Message&amp;quot;:[&amp;quot;JSONData is required&amp;quot;,&amp;quot;ServiceOrderNumber is not allowed&amp;quot;,&amp;quot;TaskId is not allowed&amp;quot;,&amp;quot;Version is not allowed&amp;quot;],&amp;quot;Values&amp;quot;:{&amp;quot;ServiceOrderNumber&amp;quot;:&amp;quot;SORD00000004282&amp;quot;,&amp;quot;TaskId&amp;quot;:&amp;quot;TASK025&amp;quot;,&amp;quot;Version&amp;quot;:&amp;quot;3.0.0&amp;quot;}}}}
">
      <![CDATA[java.lang.AssertionError: 1 expectation failed.
Response body doesn't match expectation.
Expected: a string containing "Task updated"
  Actual: {"result":{"result":{"id":null,"Success":false,"Message":["JSONData is required","ServiceOrderNumber is not allowed","TaskId is not allowed","Version is not allowed"],"Values":{"ServiceOrderNumber":"SORD00000004282","TaskId":"TASK025","Version":"3.0.0"}}}}

at org.codehaus.groovy.runtime.callsite.ConstructorSite$ConstructorSiteNoUnwrap.callConstructor(ConstructorSite.java:84)
at org.codehaus.groovy.runtime.callsite.AbstractCallSite.callConstructor(AbstractCallSite.java:249)
at io.restassured.internal.ResponseSpecificationImpl$HamcrestAssertionClosure.validate(ResponseSpecificationImpl.groovy:493)
at io.restassured.internal.ResponseSpecificationImpl$HamcrestAssertionClosure$validate$1.call(Unknown Source)
at io.restassured.internal.ResponseSpecificationImpl.validateResponseIfRequired(ResponseSpecificationImpl.groovy:674)
at org.codehaus.groovy.runtime.callsite.PlainObjectMetaMethodSite.doInvoke(PlainObjectMetaMethodSite.java:43)
at org.codehaus.groovy.runtime.callsite.PogoMetaMethodSite$PogoCachedMethodSiteNoUnwrapNoCoerce.invoke(PogoMetaMethodSite.java:190)
at org.codehaus.groovy.runtime.callsite.PogoMetaMethodSite.callCurrent(PogoMetaMethodSite.java:58)
at org.codehaus.groovy.runtime.callsite.AbstractCallSite.callCurrent(AbstractCallSite.java:168)
at io.restassured.internal.ResponseSpecificationImpl.body(ResponseSpecificationImpl.groovy:98)
at io.restassured.internal.ValidatableResponseOptionsImpl.body(ValidatableResponseOptionsImpl.java:238)
at io.restassured.internal.ValidatableResponseImpl.super$2$body(ValidatableResponseImpl.groovy)
at groovy.lang.MetaMethod.doMethodInvoke(MetaMethod.java:323)
at groovy.lang.MetaClassImpl.invokeMethod(MetaClassImpl.java:1217)
at org.codehaus.groovy.runtime.ScriptBytecodeAdapter.invokeMethodOnSuperN(ScriptBytecodeAdapter.java:144)
at io.restassured.internal.ValidatableResponseImpl.body(ValidatableResponseImpl.groovy:293)
at io.restassured.internal.ValidatableResponseImpl.body(ValidatableResponseImpl.groovy)
at Public.ServiceOrderControllerV3.putTaskComplete_v_3(ServiceOrderControllerV3.java:207)
at java.util.ArrayList.forEach(ArrayList.java:1257)
... Removed 40 stack frames]]>
    </failure>
  </testcase> <!-- putTaskComplete_v_3 -->
  <testcase name="putswitchMeter_v_3" time="1.393" classname="Public.ServiceOrderControllerV3"/>
  <testcase name="putTaskCompleteNocharge_v3" time="1.244" classname="Public.ServiceOrderControllerV3"/>
  <testcase name="getoutstandingDocuments_v_2" time="0.78" classname="Public.spaController"/>
  <testcase name="getheaderInfo_v_2" time="1.048" classname="Public.spaController"/>
  <testcase name="getspadetails_v_2" time="0.575" classname="Public.spaController"/>
  <testcase name="getspadocuments_v_2" time="0.588" classname="Public.spaController"/>
  <testcase name="putcalculatedocuments_v_2" time="0.549" classname="Public.spaController"/>
  <testcase name="getcalculatedocuments_v_2" time="0.757" classname="Public.spaController"/>
  <testcase name="getspaAccountBalances_v_2" time="0.511" classname="Public.spaController"/>
  <testcase name="getoutstandingDocuments_v_3" time="0.639" classname="Public.spaControllerV3"/>
  <testcase name="getheaderInfo_v_3" time="0.717" classname="Public.spaControllerV3"/>
  <testcase name="getspadetails_v_3" time="0.627" classname="Public.spaControllerV3"/>
  <testcase name="getspadocuments_v_3" time="0.525" classname="Public.spaControllerV3"/>
  <testcase name="putcalculatedocuments_v_3" time="0.517" classname="Public.spaControllerV3"/>
  <testcase name="getcalculatedocuments_v_3" time="0.494" classname="Public.spaControllerV3"/>
  <testcase name="getspaAccountBalances_v_3" time="0.489" classname="Public.spaControllerV3"/>
  <testcase name="putaddMeterReading_v_2" time="0.698" classname="Public.TestAPI"/>
</testsuite> <!-- Nexus Api Test Automation Regression Suit -->
